<?xml version="1.0" encoding="UTF-8"?>
<!-- Generated by org.testng.reporters.JUnitReportReporter -->
<testsuite hostname="LAPTOP-HF4BS76H" failures="0" tests="6" name="practice.testing" time="0.115" errors="0" timestamp="2025-05-16T19:32:18 IST" skipped="0">
  <testcase classname="practice.testing" name="practicetest2" time="0.009"/>
  <system-out/>
  <testcase classname="practice.testing" name="practicetest5" time="0.043"/>
  <system-out/>
  <testcase classname="practice.testing" name="aracticetest" time="0.003"/>
  <system-out/>
  <testcase classname="practice.testing" name="practicetest2" time="0.001"/>
  <system-out/>
  <testcase classname="practice.testing" name="practicetest5" time="0.048"/>
  <system-out/>
  <testcase classname="practice.testing" name="aracticetest" time="0.011"/>
  <system-out/>
</testsuite> <!-- practice.testing -->
