<?xml version="1.0" encoding="UTF-8"?>
<!-- Generated by org.testng.reporters.JUnitXMLReporter -->
<testsuite ignored="0" hostname="LAPTOP-HF4BS76H" failures="0" tests="3" name="Test" time="0.106" errors="0" timestamp="2025-05-16T19:32:18 IST">
  <testcase classname="practice.testing" name="aracticetest" time="0.01"/>
  <testcase classname="practice.testing" name="practicetest2" time="0.003"/>
  <testcase classname="practice.testing" name="practicetest5" time="0.048"/>
</testsuite> <!-- Test -->
