<?xml version="1.0" encoding="UTF-8"?>
<!-- Generated by org.testng.reporters.JUnitXMLReporter -->
<testsuite ignored="0" hostname="LAPTOP-HF4BS76H" failures="0" tests="3" name="Test1" time="0.057" errors="0" timestamp="2025-05-16T19:32:18 IST">
  <testcase classname="practice.testing" name="aracticetest" time="0.002"/>
  <testcase classname="practice.testing" name="practicetest2" time="0.001"/>
  <testcase classname="practice.testing" name="practicetest5" time="0.043"/>
</testsuite> <!-- Test1 -->
