<?xml version="1.0" encoding="UTF-8"?>
<!-- Generated by org.testng.reporters.JUnitXMLReporter -->
<testsuite ignored="0" hostname="LAPTOP-HF4BS76H" failures="1" tests="4" name="Test" time="0.382" errors="0" timestamp="2025-05-16T18:33:12 IST">
  <testcase classname="practice.testing" name="aracticetest" time="0.011"/>
  <testcase classname="practice.testing" name="practicetest2" time="0.003"/>
  <testcase classname="practice.testing" name="practicetest2" time="0.002"/>
  <testcase classname="practice.testing" name="practicetest5" time="0.31">
    <failure type="org.testng.internal.thread.ThreadTimeoutException" message="Method practice.testing.practicetest5() didn&amp;apos;t finish within the time-out 300">
      <![CDATA[org.testng.internal.thread.ThreadTimeoutException: Method practice.testing.practicetest5() didn't finish within the time-out 300
at java.base/java.util.ArrayList.forEach(ArrayList.java:1596)
... Removed 24 stack frames]]>
    </failure>
  </testcase> <!-- practicetest5 -->
</testsuite> <!-- Test -->
