<?xml version="1.0" encoding="UTF-8"?>
<testng-results ignored="0" total="1" passed="1" failed="0" skipped="0">
  <reporter-output>
  </reporter-output>
  <suite started-at="2025-11-26T22:06:03 IST" name="Suite" finished-at="2025-11-26T22:06:15 IST" duration-ms="11726">
    <groups>
    </groups>
    <test started-at="2025-11-26T22:06:03 IST" name="Test" finished-at="2025-11-26T22:06:15 IST" duration-ms="11726">
      <class name="framewok.Tests.practicetest">
        <test-method is-config="true" signature="launchapp()[pri:0, instance:framewok.Tests.practicetest@53fb3dab]" started-at="2025-11-26T22:06:03 IST" name="launchapp" finished-at="2025-11-26T22:06:07 IST" duration-ms="3916" status="PASS">
          <reporter-output>
          </reporter-output>
        </test-method> <!-- launchapp -->
        <test-method signature="order(java.util.HashMap)[pri:0, instance:framewok.Tests.practicetest@53fb3dab]" started-at="2025-11-26T22:06:07 IST" name="order" data-provider="getData" finished-at="2025-11-26T22:06:15 IST" duration-ms="7445" status="PASS">
          <params>
            <param index="0">
              <value>
                <![CDATA[{productre=ZARA COAT 3, pass=Kartikk@15, email=gfu@gmail.com}]]>
              </value>
            </param>
          </params>
          <reporter-output>
          </reporter-output>
        </test-method> <!-- order -->
      </class> <!-- framewok.Tests.practicetest -->
    </test> <!-- Test -->
  </suite> <!-- Suite -->
</testng-results>
