<?xml version="1.0" encoding="UTF-8"?>
<testng-results ignored="0" total="1" passed="1" failed="0" skipped="0">
  <reporter-output>
  </reporter-output>
  <suite started-at="2025-10-29T19:03:52 IST" name="Default suite" finished-at="2025-10-29T19:03:55 IST" duration-ms="2841">
    <groups>
    </groups>
    <test started-at="2025-10-29T19:03:52 IST" name="Default test" finished-at="2025-10-29T19:03:55 IST" duration-ms="2841">
      <class name="MakemyTrip.MakemyTrip.Test1">
        <test-method is-config="true" signature="launchapp()[pri:0, instance:MakemyTrip.MakemyTrip.Test1@248e319b]" started-at="2025-10-29T19:03:52 IST" name="launchapp" finished-at="2025-10-29T19:03:55 IST" duration-ms="2791" status="PASS">
          <reporter-output>
          </reporter-output>
        </test-method> <!-- launchapp -->
        <test-method signature="test1()[pri:0, instance:MakemyTrip.MakemyTrip.Test1@248e319b]" started-at="2025-10-29T19:03:55 IST" name="test1" finished-at="2025-10-29T19:03:55 IST" duration-ms="17" status="PASS">
          <reporter-output>
          </reporter-output>
        </test-method> <!-- test1 -->
      </class> <!-- MakemyTrip.MakemyTrip.Test1 -->
    </test> <!-- Default test -->
  </suite> <!-- Default suite -->
</testng-results>
