<?xml version="1.0" encoding="UTF-8"?>
<testng-results ignored="0" total="6" passed="6" failed="0" skipped="0">
  <reporter-output>
  </reporter-output>
  <suite started-at="2025-05-16T19:32:17 IST" name="Suite" finished-at="2025-05-16T19:32:18 IST" duration-ms="286">
    <groups>
      <group name="q">
        <method signature="testing.aracticetest()[pri:0, instance:practice.testing@729d991e]" name="aracticetest" class="practice.testing"/>
        <method signature="testing.aracticetest()[pri:0, instance:practice.testing@6221a451]" name="aracticetest" class="practice.testing"/>
      </group> <!-- q -->
    </groups>
    <test started-at="2025-05-16T19:32:17 IST" name="Test" finished-at="2025-05-16T19:32:18 IST" duration-ms="106">
      <class name="practice.testing">
        <test-method is-config="true" signature="practicetest3()[pri:0, instance:practice.testing@729d991e]" started-at="2025-05-16T19:32:17 IST" name="practicetest3" finished-at="2025-05-16T19:32:17 IST" duration-ms="6" status="PASS">
          <reporter-output>
          </reporter-output>
        </test-method> <!-- practicetest3 -->
        <test-method signature="aracticetest()[pri:0, instance:practice.testing@729d991e]" started-at="2025-05-16T19:32:17 IST" name="aracticetest" finished-at="2025-05-16T19:32:17 IST" duration-ms="10" status="PASS">
          <reporter-output>
          </reporter-output>
        </test-method> <!-- aracticetest -->
        <test-method is-config="true" signature="practicetest3()[pri:0, instance:practice.testing@729d991e]" started-at="2025-05-16T19:32:17 IST" name="practicetest3" finished-at="2025-05-16T19:32:17 IST" duration-ms="1" status="PASS">
          <reporter-output>
          </reporter-output>
        </test-method> <!-- practicetest3 -->
        <test-method signature="practicetest2()[pri:0, instance:practice.testing@729d991e]" started-at="2025-05-16T19:32:17 IST" name="practicetest2" finished-at="2025-05-16T19:32:17 IST" duration-ms="3" status="PASS">
          <reporter-output>
          </reporter-output>
        </test-method> <!-- practicetest2 -->
        <test-method is-config="true" signature="practicetest3()[pri:0, instance:practice.testing@729d991e]" started-at="2025-05-16T19:32:17 IST" name="practicetest3" finished-at="2025-05-16T19:32:17 IST" duration-ms="0" status="PASS">
          <reporter-output>
          </reporter-output>
        </test-method> <!-- practicetest3 -->
        <test-method signature="practicetest5()[pri:0, instance:practice.testing@729d991e]" started-at="2025-05-16T19:32:17 IST" name="practicetest5" finished-at="2025-05-16T19:32:18 IST" duration-ms="48" status="PASS">
          <reporter-output>
          </reporter-output>
        </test-method> <!-- practicetest5 -->
        <test-method is-config="true" signature="practicetest4()[pri:0, instance:practice.testing@729d991e]" started-at="2025-05-16T19:32:18 IST" name="practicetest4" finished-at="2025-05-16T19:32:18 IST" duration-ms="0" status="PASS">
          <reporter-output>
          </reporter-output>
        </test-method> <!-- practicetest4 -->
      </class> <!-- practice.testing -->
    </test> <!-- Test -->
    <test started-at="2025-05-16T19:32:18 IST" name="Test1" finished-at="2025-05-16T19:32:18 IST" duration-ms="57">
      <class name="practice.testing">
        <test-method signature="aracticetest()[pri:0, instance:practice.testing@6221a451]" started-at="2025-05-16T19:32:18 IST" name="aracticetest" finished-at="2025-05-16T19:32:18 IST" duration-ms="2" status="PASS">
          <reporter-output>
          </reporter-output>
        </test-method> <!-- aracticetest -->
        <test-method is-config="true" signature="practicetest3()[pri:0, instance:practice.testing@6221a451]" started-at="2025-05-16T19:32:18 IST" name="practicetest3" finished-at="2025-05-16T19:32:18 IST" duration-ms="0" status="PASS">
          <reporter-output>
          </reporter-output>
        </test-method> <!-- practicetest3 -->
        <test-method is-config="true" signature="practicetest3()[pri:0, instance:practice.testing@6221a451]" started-at="2025-05-16T19:32:18 IST" name="practicetest3" finished-at="2025-05-16T19:32:18 IST" duration-ms="0" status="PASS">
          <reporter-output>
          </reporter-output>
        </test-method> <!-- practicetest3 -->
        <test-method signature="practicetest2()[pri:0, instance:practice.testing@6221a451]" started-at="2025-05-16T19:32:18 IST" name="practicetest2" finished-at="2025-05-16T19:32:18 IST" duration-ms="1" status="PASS">
          <reporter-output>
          </reporter-output>
        </test-method> <!-- practicetest2 -->
        <test-method is-config="true" signature="practicetest3()[pri:0, instance:practice.testing@6221a451]" started-at="2025-05-16T19:32:18 IST" name="practicetest3" finished-at="2025-05-16T19:32:18 IST" duration-ms="1" status="PASS">
          <reporter-output>
          </reporter-output>
        </test-method> <!-- practicetest3 -->
        <test-method signature="practicetest5()[pri:0, instance:practice.testing@6221a451]" started-at="2025-05-16T19:32:18 IST" name="practicetest5" finished-at="2025-05-16T19:32:18 IST" duration-ms="43" status="PASS">
          <reporter-output>
          </reporter-output>
        </test-method> <!-- practicetest5 -->
        <test-method is-config="true" signature="practicetest4()[pri:0, instance:practice.testing@6221a451]" started-at="2025-05-16T19:32:18 IST" name="practicetest4" finished-at="2025-05-16T19:32:18 IST" duration-ms="1" status="PASS">
          <reporter-output>
          </reporter-output>
        </test-method> <!-- practicetest4 -->
      </class> <!-- practice.testing -->
    </test> <!-- Test1 -->
  </suite> <!-- Suite -->
</testng-results>
