<?xml version="1.0" encoding="UTF-8"?>
<testng-results ignored="0" total="2" passed="2" failed="0" skipped="0">
  <reporter-output>
  </reporter-output>
  <suite started-at="2024-10-02T00:07:02 IST" name="Default suite" finished-at="2024-10-02T00:07:02 IST" duration-ms="28">
    <groups>
    </groups>
    <test started-at="2024-10-02T00:07:02 IST" name="Default test" finished-at="2024-10-02T00:07:02 IST" duration-ms="28">
      <class name="test">
        <test-method is-config="true" signature="practicetest3()[pri:0, instance:test@3e11f9e9]" started-at="2024-10-02T00:07:02 IST" name="practicetest3" finished-at="2024-10-02T00:07:02 IST" duration-ms="4" status="PASS">
          <reporter-output>
          </reporter-output>
        </test-method> <!-- practicetest3 -->
        <test-method signature="practicetest()[pri:0, instance:test@3e11f9e9]" started-at="2024-10-02T00:07:02 IST" name="practicetest" finished-at="2024-10-02T00:07:02 IST" duration-ms="5" status="PASS">
          <reporter-output>
          </reporter-output>
        </test-method> <!-- practicetest -->
        <test-method signature="practicetest2()[pri:0, instance:test@3e11f9e9]" started-at="2024-10-02T00:07:02 IST" name="practicetest2" finished-at="2024-10-02T00:07:02 IST" duration-ms="1" status="PASS">
          <reporter-output>
          </reporter-output>
        </test-method> <!-- practicetest2 -->
        <test-method is-config="true" signature="practicetest4()[pri:0, instance:test@3e11f9e9]" started-at="2024-10-02T00:07:02 IST" name="practicetest4" finished-at="2024-10-02T00:07:02 IST" duration-ms="0" status="PASS">
          <reporter-output>
          </reporter-output>
        </test-method> <!-- practicetest4 -->
      </class> <!-- test -->
    </test> <!-- Default test -->
  </suite> <!-- Default suite -->
</testng-results>
